============================= test session starts ==============================
Grading MP4 CP2 for mirecki2

test_cp2.py::TestPassive::test_spoof Section score: 8 / 8

test_cp2.py::TestPassive::test_dns_works Section score: 2 / 2

test_cp2.py::TestPassive::test_dns_output Section score: 5 / 5
Program execution errors:
	Exception in thread Thread-8:
	Traceback (most recent call last):
	  File "/usr/lib/python3.6/threading.py", line 916, in _bootstrap_inner
	    self.run()
	  File "/usr/lib/python3.6/threading.py", line 864, in run
	    self._target(*self._args, **self._kwargs)
	  File "/usr/local/lib/python3.6/dist-packages/scapy/sendrecv.py", line 886, in sniff
	    r = prn(p)
	  File "mirecki2/NetSec/cp2.1.passive.py", line 79, in interceptor
	    hostaddr = packet.getlayer(DNS).an.rdata
	AttributeError: 'NoneType' object has no attribute 'rdata'
	

test_cp2.py::TestPassive::test_http_works Section score: 0 / 2
Section test errors: passive http failed
passive http failed for www.bankofbailey.com/long.html
Program execution errors:
	Exception in thread Thread-8:
	Traceback (most recent call last):
	  File "/usr/lib/python3.6/threading.py", line 916, in _bootstrap_inner
	    self.run()
	  File "/usr/lib/python3.6/threading.py", line 864, in run
	    self._target(*self._args, **self._kwargs)
	  File "/usr/local/lib/python3.6/dist-packages/scapy/sendrecv.py", line 886, in sniff
	    r = prn(p)
	  File "mirecki2/NetSec/cp2.1.passive.py", line 124, in interceptor
	    basicauth = base64.b64decode(basicauth).decode('ascii')
	  File "/usr/lib/python3.6/base64.py", line 87, in b64decode
	    return binascii.a2b_base64(s)
	binascii.Error: Incorrect padding
	

test_cp2.py::TestPassive::test_http_output Section score: 4 / 4

test_cp2.py::TestPassive::test_restore Section score: 4 / 4

test_cp2.py::TestActiveDNS::test_dns_interception Section score: 8 / 12
Section test errors: missing/invalid dig response for smtp.bankofbailey.com

test_cp2.py::TestActiveDNS::test_dns_packets Section score: 13 / 13

test_cp2.py::TestActiveHTTPShortScript::test_simple_http Section score: 18 / 18

test_cp2.py::TestActiveHTTPShortScript::test_content_len Section score: 1 / 1

test_cp2.py::TestActiveHTTPShortScript::test_long Section score: 2 / 2

test_cp2.py::TestActiveHTTPShortScript::test_persistent_conn Section score: 2 / 2

test_cp2.py::TestActiveHTTPLongScript::test_simple_http_long_injection Section score: 0 / 2
Section test errors: invalid response for long script injection
Program execution errors:
	Exception in thread Thread-6:
	Traceback (most recent call last):
	  File "/usr/lib/python3.6/threading.py", line 916, in _bootstrap_inner
	    self.run()
	  File "/usr/lib/python3.6/threading.py", line 864, in run
	    self._target(*self._args, **self._kwargs)
	  File "/usr/local/lib/python3.6/dist-packages/scapy/sendrecv.py", line 886, in sniff
	    r = prn(p)
	  File "mirecki2/NetSec/cp2.1.http.py", line 205, in interceptor
	    sendp(packet)
	  File "/usr/local/lib/python3.6/dist-packages/scapy/sendrecv.py", line 328, in sendp
	    verbose=verbose, realtime=realtime, return_packets=return_packets)  # noqa: E501
	  File "/usr/local/lib/python3.6/dist-packages/scapy/sendrecv.py", line 287, in __gen_send
	    s.send(p)
	  File "/usr/local/lib/python3.6/dist-packages/scapy/arch/linux.py", line 494, in send
	    return SuperSocket.send(self, x)
	  File "/usr/local/lib/python3.6/dist-packages/scapy/supersocket.py", line 50, in send
	    return self.outs.send(sx)
	OSError: [Errno 90] Message too long
	

test_cp2.py::TestMitnick::test_mitnick_attack Section score: 19 / 25
Section test errors: missing/incorrect RSH packet


TOTAL SCORE: 86 / 100

===Flaky Test Report===

test_simple_http passed 1 out of the required 1 times. Success!
test_mitnick_attack passed 1 out of the required 1 times. Success!

===End Flaky Test Report===

========================= 15 passed in 290.62 seconds ==========================
